<?xml version="1.0" encoding="UTF-8"?>
<!-- Generated by org.testng.reporters.JUnitReportReporter -->
<testsuite hostname="DESKTOP-RLAFTJR" failures="0" tests="1" name="com.hrms.script.TC002" time="18.819" errors="0" timestamp="9 Sep 2021 15:24:06 GMT">
  <testcase classname="com.hrms.script.TC002" name="ad" time="18.819"/>
</testsuite> <!-- com.hrms.script.TC002 -->
