<?xml version="1.0" encoding="UTF-8"?>
<!-- Generated by org.testng.reporters.JUnitReportReporter -->
<testsuite hostname="DESKTOP-RLAFTJR" failures="0" tests="1" name="com.hrms.script.TC001" time="12.815" errors="0" timestamp="9 Sep 2021 11:54:53 GMT">
  <testcase classname="com.hrms.script.TC001" name="TC001" time="12.815"/>
</testsuite> <!-- com.hrms.script.TC001 -->
