<?xml version="1.0" encoding="UTF-8"?>
<!-- Generated by org.testng.reporters.JUnitReportReporter -->
<testsuite hostname="DESKTOP-RLAFTJR" failures="0" tests="1" name="webDriverExamples.Exp_Excel" time="0.649" errors="0" timestamp="12 Sep 2021 06:25:48 GMT">
  <testcase classname="webDriverExamples.Exp_Excel" name="Exp_Excel" time="0.649"/>
</testsuite> <!-- webDriverExamples.Exp_Excel -->
