<?xml version="1.0" encoding="UTF-8"?>
<!-- Generated by org.testng.reporters.JUnitReportReporter -->
<testsuite hostname="DESKTOP-RLAFTJR" failures="0" tests="1" name="com.hrms.script.TC003" time="14.719" errors="0" timestamp="9 Sep 2021 15:41:00 GMT">
  <testcase classname="com.hrms.script.TC003" name="TC003" time="14.719"/>
</testsuite> <!-- com.hrms.script.TC003 -->
