<?xml version="1.0" encoding="UTF-8"?>
<!-- Generated by org.testng.reporters.JUnitReportReporter -->
<testsuite hostname="DESKTOP-RLAFTJR" failures="0" tests="1" name="com.hrms.testscript.TC001" time="17.891" errors="0" timestamp="15 Sep 2021 14:32:08 GMT">
  <testcase classname="com.hrms.testscript.TC001" name="TC001" time="17.891"/>
</testsuite> <!-- com.hrms.testscript.TC001 -->
