<?xml version="1.0" encoding="UTF-8"?>
<!-- Generated by org.testng.reporters.JUnitReportReporter -->
<testsuite hostname="DESKTOP-RLAFTJR" failures="0" tests="4" name="testNGExp.Exp_Testing" time="0.033" errors="0" timestamp="8 Sep 2021 11:47:56 GMT">
  <testcase classname="testNGExp.Exp_Testing" name="logout" time="0.004"/>
  <testcase classname="testNGExp.Exp_Testing" name="delemp" time="0.004"/>
  <testcase classname="testNGExp.Exp_Testing" name="login" time="0.005"/>
  <testcase classname="testNGExp.Exp_Testing" name="addEmployee" time="0.020"/>
</testsuite> <!-- testNGExp.Exp_Testing -->
